ProgramInternalForm
( (-1, -1), int )
( (15, 0), id )
( (-1, -1), ; )
( (-1, -1), read )
( (-1, -1), >> )
( (15, 0), id )
( (-1, -1), ; )
( (-1, -1), if )
( (15, 0), id )
( (-1, -1), == )
( (11, 0), const )
( (-1, -1), or )
( (15, 0), id )
( (-1, -1), == )
( (12, 0), const )
( (-1, -1), do )
( (-1, -1), write )
( (-1, -1), << )
( (6, 0), const )
( (-1, -1), ; )
( (-1, -1), int )
( (0, 0), id )
( (-1, -1), = )
( (12, 0), const )
( (-1, -1), ; )
( (-1, -1), int )
( (7, 0), id )
( (-1, -1), = )
( (11, 0), const )
( (-1, -1), ; )
( (-1, -1), while )
( (5, 0), id )
( (-1, -1), <= )
( (15, 0), id )
( (-1, -1), / )
( (12, 0), const )
( (-1, -1), and )
( (7, 0), id )
( (-1, -1), == )
( (11, 0), const )
( (-1, -1), do )
( (-1, -1), if )
( (15, 0), id )
( (-1, -1), % )
( (5, 0), id )
( (-1, -1), == )
( (10, 0), const )
( (-1, -1), do )
( (7, 0), id )
( (-1, -1), = )
( (10, 0), const )
( (-1, -1), ; )
( (-1, -1), done )
( (5, 0), id )
( (-1, -1), = )
( (5, 0), id )
( (-1, -1), + )
( (11, 0), const )
( (-1, -1), ; )
( (-1, -1), done )
( (-1, -1), if )
( (7, 0), id )
( (-1, -1), == )
( (10, 0), const )
( (-1, -1), do )
( (-1, -1), write )
( (-1, -1), << )
( (6, 0), const )
( (-1, -1), ; )
( (-1, -1), done )
( (-1, -1), else )
( (-1, -1), do )
( (-1, -1), write )
( (-1, -1), << )
( (1, 0), const )
( (-1, -1), ; )
( (-1, -1), done )
