ProgramInternalForm
( (-1, -1), int )
( (2, 0), id )
( (-1, -1), ; )
( (-1, -1), int )
( (2, 0), id )
( (-1, -1), ; )
( (-1, -1), int )
( (4, 0), id )
( (-1, -1), ; )
( (-1, -1), read )
( (-1, -1), >> )
( (2, 0), id )
( (-1, -1), ; )
( (-1, -1), read )
( (-1, -1), >> )
( (3, 0), id )
( (-1, -1), ; )
( (-1, -1), read )
( (-1, -1), >> )
( (4, 0), id )
( (-1, -1), ; )
( (-1, -1), int )
( (3, 1), id )
( (-1, -1), = )
( (2, 0), id )
( (-1, -1), ; )
( (-1, -1), int )
( (1, 0), id )
( (-1, -1), = )
( (2, 0), id )
( (-1, -1), ; )
( (-1, -1), if )
( (3, 0), id )
( (-1, -1), > )
( (3, 1), id )
( (-1, -1), do )
( (3, 1), id )
( (-1, -1), = )
( (3, 0), id )
( (-1, -1), ; )
( (-1, -1), done )
( (-1, -1), if )
( (4, 0), id )
( (-1, -1), > )
( (3, 1), id )
( (-1, -1), do )
( (3, 1), id )
( (-1, -1), = )
( (4, 0), id )
( (-1, -1), ; )
( (-1, -1), done )
( (-1, -1), if )
( (3, 0), id )
( (-1, -1), < )
( (1, 0), id )
( (-1, -1), do )
( (1, 0), id )
( (-1, -1), = )
( (3, 0), id )
( (-1, -1), ; )
( (-1, -1), done )
( (-1, -1), if )
( (4, 0), id )
( (-1, -1), < )
( (1, 0), id )
( (-1, -1), do )
( (1, 0), id )
( (-1, -1), = )
( (4, 0), id )
( (-1, -1), ; )
( (-1, -1), done )
( (-1, -1), write )
( (-1, -1), << )
( (3, 1), id )
( (-1, -1), ; )
( (-1, -1), write )
( (-1, -1), << )
( (1, 0), id )
( (-1, -1), ; )
