Program p1err.txt
--------------------------------------------------------------------------------
Identifiers
SymbolTable (implemented as a hashTable)
(  )
(  )
(  )
(  )
(  )
(  )
(  )
(  )
(  )
(  )
(  )
(  )
(  )
(  )
(  )
( n,  )
(  )
(  )
(  )
--------------------------------------------------------------------------------
Constants
SymbolTable (implemented as a hashTable)
(  )
(  )
(  )
(  )
(  )
(  )
(  )
(  )
(  )
(  )
(  )
(  )
(  )
(  )
(  )
(  )
(  )
(  )
(  )
--------------------------------------------------------------------------------
ProgramInternalForm
( (-1, -1), int )
( (15, 0), id )
( (-1, -1), ; )
( (-1, -1), read )
( (-1, -1), >> )
( (15, 0), id )
( (-1, -1), ; )
