Program p3.txt
--------------------------------------------------------------------------------
Identifiers
SymbolTable (implemented as a hashTable)
(  )
( elem,  )
(  )
(  )
(  )
(  )
(  )
(  )
(  )
(  )
( myArr, i,  )
(  )
(  )
(  )
(  )
( n,  )
(  )
(  )
( sum,  )
--------------------------------------------------------------------------------
Constants
SymbolTable (implemented as a hashTable)
(  )
(  )
( 10,  )
(  )
(  )
(  )
(  )
(  )
(  )
(  )
( 0,  )
( 1,  )
(  )
(  )
(  )
(  )
(  )
(  )
(  )
--------------------------------------------------------------------------------
ProgramInternalForm
( (-1, -1), array )
( (-1, -1), int )
( (-1, -1), [ )
( (2, 0), const )
( (-1, -1), ] )
( (10, 0), id )
( (-1, -1), ; )
( (-1, -1), int )
( (15, 0), id )
( (-1, -1), ; )
( (-1, -1), read )
( (-1, -1), >> )
( (15, 0), id )
( (-1, -1), ; )
( (-1, -1), int )
( (18, 0), id )
( (-1, -1), = )
( (10, 0), const )
( (-1, -1), ; )
( (-1, -1), int )
( (10, 1), id )
( (-1, -1), ; )
( (-1, -1), int )
( (1, 0), id )
( (-1, -1), ; )
( (-1, -1), for )
( (10, 1), id )
( (-1, -1), = )
( (10, 0), const )
( (-1, -1), , )
( (10, 1), id )
( (-1, -1), < )
( (15, 0), id )
( (-1, -1), , )
( (10, 1), id )
( (-1, -1), = )
( (10, 1), id )
( (-1, -1), + )
( (11, 0), const )
( (-1, -1), do )
( (-1, -1), read )
( (-1, -1), >> )
( (1, 0), id )
( (-1, -1), ; )
( (18, 0), id )
( (-1, -1), = )
( (18, 0), id )
( (-1, -1), + )
( (1, 0), id )
( (-1, -1), ; )
( (-1, -1), done )
( (-1, -1), write )
( (-1, -1), << )
( (18, 0), id )
( (-1, -1), ; )
